  2022-04-12T06:06:16.108Z   -   [error] -  error 
  2022-04-12T06:06:16.110Z   -   [warn] -  warn 
  2022-04-12T06:06:16.110Z   -   [info] -  info 
  2022-04-12T06:06:16.114Z   -   [info] -  Example app listening on port 2001 
  2022-04-12T06:06:17.078Z   -   [info] -  connected to db 
  2022-04-12T06:06:31.416Z   -   [info] -  {"lang1":"java","level1":"1"} 
  2022-04-12T06:18:41.754Z   -   [error] -  error 
  2022-04-12T06:18:41.756Z   -   [warn] -  warn 
  2022-04-12T06:18:41.756Z   -   [info] -  info 
  2022-04-12T06:18:41.759Z   -   [info] -  Example app listening on port 2001 
  2022-04-12T06:18:42.694Z   -   [info] -  connected to db 
  2022-04-12T06:18:52.948Z   -   [info] -  {"lang1":"java","level1":"1"} 
  2022-04-12T06:19:20.974Z   -   [info] -  {"lang1":"java","level1":"1"} 
  2022-04-12T06:19:31.942Z   -   [info] -  {"lang1":"c","level1":"1"} 
  2022-04-12T06:19:42.158Z   -   [info] -  {"lang1":"c","level1":"2"} 
  2022-04-12T06:33:24.317Z   -   [error] -  error 
  2022-04-12T06:33:24.319Z   -   [warn] -  warn 
  2022-04-12T06:33:24.319Z   -   [info] -  info 
  2022-04-12T06:33:24.323Z   -   [info] -  Example app listening on port 2001 
  2022-04-12T06:33:25.424Z   -   [info] -  connected to db 
  2022-04-12T06:33:34.273Z   -   [info] -  {"lang1":"java","level1":"1"} 
  2022-04-12T06:33:48.562Z   -   [info] -  {"lang1":"java","level1":"2"} 
  2022-04-12T06:34:05.213Z   -   [info] -  {"lang1":"c","level1":"1"} 
  2022-04-12T06:34:15.899Z   -   [info] -  {"lang1":"c","level1":"2"} 
  2022-04-12T06:34:35.198Z   -   [info] -  {"lang1":"java","level1":"1"} 
  2022-04-12T06:35:18.931Z   -   [info] -  {"lang1":"java","level1":"2"} 
  2022-04-12T06:35:33.301Z   -   [info] -  {"lang1":"java","level1":"1"} 
  2022-04-12T06:35:41.402Z   -   [info] -  {"lang1":"java","level1":"2"} 
  2022-04-12T06:35:56.417Z   -   [info] -  {"lang1":"java","level1":"1"} 
  2022-04-12T06:36:03.382Z   -   [info] -  {"lang1":"java","level1":"2"} 
  2022-04-12T10:07:19.073Z   -   [info] -  {"lang1":"java","level1":"1"} 
  2022-04-12T10:07:39.781Z   -   [info] -  {"lang1":"java","level1":"2"} 
  2022-04-12T10:08:07.695Z   -   [info] -  {"lang1":"python","level1":"1"} 
  2022-04-12T10:08:24.018Z   -   [info] -  {"lang1":"python","level1":"2"} 
  2022-04-12T10:15:04.282Z   -   [info] -  {"lang1":"java","level1":"1"} 
  2022-04-12T10:15:12.331Z   -   [info] -  {"lang1":"c++","level1":"1"} 
  2022-04-12T10:21:03.863Z   -   [error] -  error 
  2022-04-12T10:21:03.864Z   -   [warn] -  warn 
  2022-04-12T10:21:03.864Z   -   [info] -  info 
  2022-04-12T10:21:03.868Z   -   [info] -  Example app listening on port 2001 
  2022-04-12T10:21:04.953Z   -   [info] -  connected to db 
  2022-04-12T10:34:06.628Z   -   [error] -  error 
  2022-04-12T10:34:06.630Z   -   [warn] -  warn 
  2022-04-12T10:34:06.630Z   -   [info] -  info 
  2022-04-12T10:34:06.633Z   -   [info] -  Example app listening on port 2001 
  2022-04-12T10:34:08.190Z   -   [info] -  connected to db 
  2022-04-12T10:39:01.472Z   -   [info] -  {"lang1":"c++","level1":"1"} 
  2022-04-13T04:29:54.381Z   -   [info] -  {"lang1":"c","level1":"1"} 
  2022-04-13T04:30:32.109Z   -   [info] -  {"lang1":"c","level1":"2"} 
  2022-04-13T04:42:38.638Z   -   [info] -  {"lang1":"java","level1":"2"} 
  2022-04-13T04:42:45.789Z   -   [info] -  {"lang1":"c","level1":"2"} 
  2022-04-13T05:21:26.666Z   -   [error] -  error 
  2022-04-13T05:21:26.667Z   -   [warn] -  warn 
  2022-04-13T05:21:26.668Z   -   [info] -  info 
  2022-04-13T05:21:26.673Z   -   [info] -  Example app listening on port 2001 
  2022-04-13T05:21:27.868Z   -   [info] -  connected to db 
  2022-04-13T05:36:49.028Z   -   [info] -  {"lang1":"c","level1":"2"} 
  2022-04-13T05:46:34.342Z   -   [info] -  {"lang1":"c","level1":"2"} 
  2022-04-13T05:48:10.951Z   -   [info] -  {"lang1":"c","level1":"2"} 
  2022-04-13T05:49:28.172Z   -   [info] -  {"lang1":"c","level1":"2"} 
  2022-04-13T05:50:08.078Z   -   [error] -  error 
  2022-04-13T05:50:08.079Z   -   [warn] -  warn 
  2022-04-13T05:50:08.080Z   -   [info] -  info 
  2022-04-13T05:50:08.084Z   -   [info] -  Example app listening on port 2001 
  2022-04-13T05:50:09.273Z   -   [info] -  connected to db 
  2022-04-13T05:50:35.169Z   -   [error] -  error 
  2022-04-13T05:50:35.171Z   -   [warn] -  warn 
  2022-04-13T05:50:35.171Z   -   [info] -  info 
  2022-04-13T05:50:35.175Z   -   [info] -  Example app listening on port 2001 
  2022-04-13T05:50:35.588Z   -   [info] -  connected to db 
  2022-04-13T05:54:16.419Z   -   [error] -  error 
  2022-04-13T05:54:16.420Z   -   [warn] -  warn 
  2022-04-13T05:54:16.421Z   -   [info] -  info 
  2022-04-13T05:54:16.425Z   -   [info] -  Example app listening on port 2001 
  2022-04-13T05:54:17.569Z   -   [info] -  connected to db 
  2022-04-13T05:54:38.074Z   -   [info] -  {"lang1":"java","level1":"1"} 
  2022-04-13T05:55:15.526Z   -   [info] -  {"lang1":"java","level1":"1"} 
  2022-04-13T05:55:33.845Z   -   [info] -  {"lang1":"c","level1":"1"} 
  2022-04-13T05:56:11.467Z   -   [info] -  {"lang1":"c","level1":"2"} 
  2022-04-13T05:56:37.216Z   -   [info] -  {"lang1":"python","level1":"1"} 
  2022-04-13T05:57:31.876Z   -   [info] -  {"lang1":"c","level1":"1"} 
  2022-04-13T05:57:58.562Z   -   [info] -  {"lang1":"c","level1":"2"} 
  2022-04-13T05:58:05.783Z   -   [info] -  {"lang1":"java","level1":"1"} 
  2022-04-13T06:00:06.449Z   -   [info] -  {"lang1":"java","level1":"1"} 
  2022-04-13T06:00:23.270Z   -   [info] -  {"lang1":"c","level1":"1"} 
  2022-04-13T06:01:32.643Z   -   [info] -  {"lang1":"c","level1":"2"} 
  2022-04-13T06:07:46.612Z   -   [error] -  error 
  2022-04-13T06:07:46.614Z   -   [warn] -  warn 
  2022-04-13T06:07:46.614Z   -   [info] -  info 
  2022-04-13T06:07:46.619Z   -   [info] -  Example app listening on port 2001 
  2022-04-13T06:07:47.962Z   -   [info] -  connected to db 
  2022-04-13T06:07:54.584Z   -   [info] -  {"lang1":"c","level1":"1"} 
  2022-04-13T06:09:35.089Z   -   [info] -  {"lang1":"c","level1":"1"} 
  2022-04-13T06:09:45.242Z   -   [info] -  {"lang1":"c","level1":"1"} 
  2022-04-13T06:29:50.453Z   -   [error] -  error 
  2022-04-13T06:29:50.454Z   -   [warn] -  warn 
  2022-04-13T06:29:50.455Z   -   [info] -  info 
  2022-04-13T06:29:50.459Z   -   [info] -  Example app listening on port 2001 
  2022-04-13T06:29:51.515Z   -   [info] -  connected to db 
  2022-04-13T06:30:02.185Z   -   [info] -  {"lang1":"c","level1":"2"} 
  2022-04-13T06:45:25.620Z   -   [error] -  error 
  2022-04-13T06:45:25.622Z   -   [warn] -  warn 
  2022-04-13T06:45:25.622Z   -   [info] -  info 
  2022-04-13T06:45:25.626Z   -   [info] -  Example app listening on port 2001 
  2022-04-13T06:45:26.916Z   -   [info] -  connected to db 
  2022-04-13T06:45:37.305Z   -   [info] -  {"lang1":"java","level1":"1"} 
  2022-04-13T06:49:24.569Z   -   [error] -  error 
  2022-04-13T06:49:24.571Z   -   [warn] -  warn 
  2022-04-13T06:49:24.571Z   -   [info] -  info 
  2022-04-13T06:49:24.575Z   -   [info] -  Example app listening on port 2001 
  2022-04-13T06:49:25.761Z   -   [info] -  connected to db 
  2022-04-13T06:49:28.724Z   -   [info] -  {"lang1":"java","level1":"2"} 
  2022-04-13T06:54:02.028Z   -   [info] -  {"lang1":"java","level1":"2"} 
  2022-04-13T06:54:24.986Z   -   [error] -  error 
  2022-04-13T06:54:24.987Z   -   [warn] -  warn 
  2022-04-13T06:54:24.987Z   -   [info] -  info 
  2022-04-13T06:54:24.991Z   -   [info] -  Example app listening on port 2001 
  2022-04-13T06:54:26.029Z   -   [info] -  connected to db 
  2022-04-13T06:55:12.778Z   -   [error] -  error 
  2022-04-13T06:55:12.779Z   -   [warn] -  warn 
  2022-04-13T06:55:12.780Z   -   [info] -  info 
  2022-04-13T06:55:12.783Z   -   [info] -  Example app listening on port 2001 
  2022-04-13T06:55:14.202Z   -   [info] -  connected to db 
  2022-04-13T06:55:26.543Z   -   [info] -  {"lang1":"java","level1":"1"} 
  2022-04-13T06:56:53.186Z   -   [error] -  error 
  2022-04-13T06:56:53.188Z   -   [warn] -  warn 
  2022-04-13T06:56:53.189Z   -   [info] -  info 
  2022-04-13T06:56:53.192Z   -   [info] -  Example app listening on port 2001 
  2022-04-13T06:56:54.323Z   -   [info] -  connected to db 
  2022-04-13T07:01:01.007Z   -   [info] -  {"lang1":"java","level1":"1"} 
  2022-04-13T07:02:11.267Z   -   [error] -  error 
  2022-04-13T07:02:11.269Z   -   [warn] -  warn 
  2022-04-13T07:02:11.269Z   -   [info] -  info 
  2022-04-13T07:02:11.273Z   -   [info] -  Example app listening on port 2001 
  2022-04-13T07:02:12.498Z   -   [info] -  connected to db 
  2022-04-13T07:02:28.127Z   -   [info] -  {"lang1":"java","level1":"1"} 
  2022-04-13T07:03:23.300Z   -   [error] -  error 
  2022-04-13T07:03:23.302Z   -   [warn] -  warn 
  2022-04-13T07:03:23.302Z   -   [info] -  info 
  2022-04-13T07:03:23.305Z   -   [info] -  Example app listening on port 2001 
  2022-04-13T07:03:25.352Z   -   [info] -  connected to db 
  2022-04-13T07:03:46.659Z   -   [info] -  {"lang1":"java","level1":"1"} 
  2022-04-13T07:04:57.671Z   -   [error] -  error 
  2022-04-13T07:04:57.672Z   -   [warn] -  warn 
  2022-04-13T07:04:57.673Z   -   [info] -  info 
  2022-04-13T07:04:57.676Z   -   [info] -  Example app listening on port 2001 
  2022-04-13T07:04:58.917Z   -   [info] -  connected to db 
  2022-04-13T07:05:04.255Z   -   [info] -  {"lang1":"c","level1":"1"} 
  2022-04-13T07:05:21.451Z   -   [info] -  {"lang1":"c","level1":"2"} 
  2022-04-13T07:25:49.938Z   -   [info] -  {"lang1":"java","level1":"1"} 
  2022-04-13T07:26:31.091Z   -   [info] -  {"lang1":"java","level1":"2"} 
  2022-04-13T07:27:09.290Z   -   [info] -  {"lang1":"java","level1":"1"} 
  2022-04-13T07:27:31.064Z   -   [info] -  {"lang1":"java","level1":"2"} 
  2022-04-13T07:31:49.101Z   -   [info] -  {"lang1":"java","level1":"1"} 
  2022-04-13T07:31:55.034Z   -   [info] -  {"lang1":"java","level1":"2"} 
  2022-04-13T07:32:19.510Z   -   [info] -  {"lang1":"java","level1":"1"} 
  2022-04-13T07:33:28.309Z   -   [info] -  {"lang1":"python","level1":"1"} 
  2022-04-13T07:34:18.001Z   -   [info] -  {"lang1":"python","level1":"1"} 
  2022-04-13T07:34:33.267Z   -   [info] -  {"lang1":"python","level1":"1"} 
  2022-04-13T07:34:48.701Z   -   [info] -  {"lang1":"python","level1":"2"} 
  2022-04-13T09:49:56.183Z   -   [info] -  {"lang1":"java","level1":"1"} 
  2022-04-13T09:57:01.746Z   -   [info] -  {"lang1":"python","level1":"1"} 
  2022-04-13T09:57:20.167Z   -   [info] -  {"lang1":"python","level1":"2"} 
  2022-04-13T09:58:00.584Z   -   [info] -  {"lang1":"c","level1":"1"} 
  2022-04-13T09:58:14.723Z   -   [info] -  {"lang1":"c","level1":"2"} 
  2022-04-13T10:07:46.482Z   -   [error] -  error 
  2022-04-13T10:07:46.483Z   -   [warn] -  warn 
  2022-04-13T10:07:46.484Z   -   [info] -  info 
  2022-04-13T10:07:46.487Z   -   [info] -  Example app listening on port 2001 
  2022-04-13T10:07:47.630Z   -   [info] -  connected to db 
  2022-04-13T10:08:35.434Z   -   [error] -  error 
  2022-04-13T10:08:35.435Z   -   [warn] -  warn 
  2022-04-13T10:08:35.435Z   -   [info] -  info 
  2022-04-13T10:08:35.440Z   -   [info] -  Example app listening on port 2001 
  2022-04-13T10:08:36.097Z   -   [info] -  connected to db 
  2022-04-13T10:09:19.360Z   -   [error] -  error 
  2022-04-13T10:09:19.362Z   -   [warn] -  warn 
  2022-04-13T10:09:19.362Z   -   [info] -  info 
  2022-04-13T10:09:19.365Z   -   [info] -  Example app listening on port 2001 
  2022-04-13T10:09:20.379Z   -   [info] -  connected to db 
  2022-04-13T10:09:29.480Z   -   [info] -  {"lang1":"java","level1":"1"} 
  2022-04-13T10:10:10.174Z   -   [error] -  error 
  2022-04-13T10:10:10.175Z   -   [warn] -  warn 
  2022-04-13T10:10:10.175Z   -   [info] -  info 
  2022-04-13T10:10:10.179Z   -   [info] -  Example app listening on port 2001 
  2022-04-13T10:10:10.849Z   -   [info] -  connected to db 
  2022-04-13T10:10:49.631Z   -   [info] -  {"lang1":"java","level1":"2"} 
  2022-04-13T10:12:13.075Z   -   [error] -  error 
  2022-04-13T10:12:13.077Z   -   [warn] -  warn 
  2022-04-13T10:12:13.078Z   -   [info] -  info 
  2022-04-13T10:12:13.083Z   -   [info] -  Example app listening on port 2001 
  2022-04-13T10:12:14.311Z   -   [info] -  connected to db 
  2022-04-13T10:12:20.708Z   -   [info] -  {"lang1":"c","level1":"1"} 
  2022-04-13T10:12:54.581Z   -   [info] -  {"lang1":"c","level1":"2"} 
  2022-04-13T10:17:31.859Z   -   [info] -  {"lang1":"c","level1":"2"} 
  2022-04-13T10:17:39.789Z   -   [info] -  {"lang1":"python","level1":"1"} 
  2022-04-13T10:17:54.553Z   -   [info] -  {"lang1":"python","level1":"2"} 
  2022-04-13T10:18:48.037Z   -   [info] -  {"lang1":"java","level1":"1"} 
  2022-04-13T10:32:49.739Z   -   [error] -  error 
  2022-04-13T10:32:49.741Z   -   [warn] -  warn 
  2022-04-13T10:32:49.741Z   -   [info] -  info 
  2022-04-13T10:32:49.745Z   -   [info] -  Example app listening on port 2001 
  2022-04-13T10:32:54.152Z   -   [info] -  connected to db 
  2022-04-13T10:33:23.422Z   -   [error] -  error 
  2022-04-13T10:33:23.424Z   -   [warn] -  warn 
  2022-04-13T10:33:23.424Z   -   [info] -  info 
  2022-04-13T10:33:23.428Z   -   [info] -  Example app listening on port 2001 
  2022-04-13T10:33:23.886Z   -   [info] -  connected to db 
  2022-04-13T10:33:46.276Z   -   [info] -  {"lang1":"java","level1":"1"} 
  2022-04-13T10:36:46.112Z   -   [error] -  error 
  2022-04-13T10:36:46.114Z   -   [warn] -  warn 
  2022-04-13T10:36:46.114Z   -   [info] -  info 
  2022-04-13T10:36:46.118Z   -   [info] -  Example app listening on port 2001 
  2022-04-13T10:36:47.306Z   -   [info] -  connected to db 
  2022-04-13T10:36:51.231Z   -   [info] -  {"lang1":"java","level1":"2"} 
  2022-04-13T10:37:17.405Z   -   [info] -  {"lang1":"java","level1":"1"} 
  2022-04-13T10:38:01.814Z   -   [error] -  error 
  2022-04-13T10:38:01.816Z   -   [warn] -  warn 
  2022-04-13T10:38:01.816Z   -   [info] -  info 
  2022-04-13T10:38:01.821Z   -   [info] -  Example app listening on port 2001 
  2022-04-13T10:38:03.023Z   -   [info] -  connected to db 
  2022-04-13T10:38:06.397Z   -   [info] -  {"lang1":"java","level1":"2"} 
  2022-04-13T10:38:33.091Z   -   [info] -  {"lang1":"java","level1":"1"} 
  2022-04-13T10:40:09.367Z   -   [error] -  error 
  2022-04-13T10:40:09.368Z   -   [warn] -  warn 
  2022-04-13T10:40:09.368Z   -   [info] -  info 
  2022-04-13T10:40:09.372Z   -   [info] -  Example app listening on port 2001 
  2022-04-13T10:40:10.593Z   -   [info] -  connected to db 
  2022-04-13T10:40:13.463Z   -   [info] -  {"lang1":"java","level1":"2"} 
  2022-04-13T10:43:29.048Z   -   [error] -  error 
  2022-04-13T10:43:29.050Z   -   [warn] -  warn 
  2022-04-13T10:43:29.050Z   -   [info] -  info 
  2022-04-13T10:43:29.055Z   -   [info] -  Example app listening on port 2001 
  2022-04-13T10:43:30.234Z   -   [info] -  connected to db 
  2022-04-13T10:43:36.773Z   -   [info] -  {"lang1":"java","level1":"1"} 
  2022-04-13T10:44:33.037Z   -   [error] -  error 
  2022-04-13T10:44:33.039Z   -   [warn] -  warn 
  2022-04-13T10:44:33.039Z   -   [info] -  info 
  2022-04-13T10:44:33.044Z   -   [info] -  Example app listening on port 2001 
  2022-04-13T10:44:34.083Z   -   [info] -  connected to db 
  2022-04-13T10:44:37.635Z   -   [info] -  {"lang1":"java","level1":"2"} 
  2022-04-13T10:44:52.677Z   -   [info] -  {"lang1":"java","level1":"1"} 
  2022-04-13T10:47:42.051Z   -   [error] -  error 
  2022-04-13T10:47:42.053Z   -   [warn] -  warn 
  2022-04-13T10:47:42.053Z   -   [info] -  info 
  2022-04-13T10:47:42.057Z   -   [info] -  Example app listening on port 2001 
  2022-04-13T10:47:43.224Z   -   [info] -  connected to db 
  2022-04-13T10:50:45.916Z   -   [info] -  {"lang1":"java","level1":"1"} 
  2022-04-13T10:50:48.918Z   -   [info] -  {"lang1":"java","level1":"1"} 
  2022-04-13T10:50:57.732Z   -   [info] -  {"lang1":"java","level1":"1"} 
  2022-04-13T10:52:53.627Z   -   [error] -  error 
  2022-04-13T10:52:53.628Z   -   [warn] -  warn 
  2022-04-13T10:52:53.628Z   -   [info] -  info 
  2022-04-13T10:52:53.632Z   -   [info] -  Example app listening on port 2001 
  2022-04-13T10:52:54.723Z   -   [info] -  connected to db 
  2022-04-13T10:53:38.748Z   -   [info] -  {"lang1":"java","level1":"1"} 
  2022-04-13T10:54:04.419Z   -   [info] -  {"lang1":"java","level1":"1"} 
  2022-04-13T10:56:43.939Z   -   [info] -  {"lang1":"java","level1":"1"} 
  2022-04-13T10:56:56.149Z   -   [info] -  {"lang1":"java","level1":"1"} 
  2022-04-13T10:58:42.986Z   -   [info] -  {"lang1":"java","level1":"1"} 
  2022-04-13T10:58:53.609Z   -   [info] -  {"lang1":"java","level1":"1"} 
  2022-04-13T11:00:54.617Z   -   [info] -  {"lang1":"java","level1":"1"} 
  2022-04-13T11:01:01.286Z   -   [info] -  {"lang1":"java","level1":"1"} 
  2022-04-13T11:01:13.642Z   -   [info] -  {"lang1":"java","level1":"1"} 
  2022-04-13T11:04:26.668Z   -   [info] -  {"lang1":"java","level1":"1"} 
  2022-04-13T11:04:30.505Z   -   [info] -  {"lang1":"java","level1":"1"} 
  2022-04-13T11:04:42.824Z   -   [info] -  {"lang1":"java","level1":"1"} 
  2022-04-13T11:05:59.800Z   -   [info] -  {"lang1":"java","level1":"1"} 
  2022-04-13T11:06:09.129Z   -   [info] -  {"lang1":"java","level1":"1"} 
  2022-04-13T11:09:06.454Z   -   [info] -  {"lang1":"java","level1":"1"} 
  2022-04-13T11:09:13.237Z   -   [info] -  {"lang1":"java","level1":"1"} 
  2022-04-13T11:11:10.541Z   -   [info] -  {"lang1":"java","level1":"1"} 
  2022-04-13T11:11:23.147Z   -   [info] -  {"lang1":"java","level1":"1"} 
  2022-04-13T11:11:58.789Z   -   [info] -  {"lang1":"java","level1":"1"} 
  2022-04-13T11:12:08.727Z   -   [info] -  {"lang1":"java","level1":"1"} 
  2022-04-13T11:13:35.657Z   -   [info] -  {"lang1":"java","level1":"1"} 
  2022-04-13T11:13:46.390Z   -   [info] -  {"lang1":"java","level1":"1"} 
  2022-04-13T11:15:05.423Z   -   [info] -  {"lang1":"java","level1":"1"} 
  2022-04-13T11:15:13.243Z   -   [info] -  {"lang1":"java","level1":"1"} 
  2022-04-13T11:17:28.834Z   -   [info] -  {"lang1":"java","level1":"1"} 
  2022-04-13T11:17:41.440Z   -   [info] -  {"lang1":"java","level1":"1"} 
  2022-04-13T11:21:51.532Z   -   [info] -  {"lang1":"java","level1":"1"} 
  2022-04-13T11:22:07.504Z   -   [info] -  {"lang1":"java","level1":"1"} 
  2022-04-13T11:24:42.890Z   -   [info] -  {"lang1":"java","level1":"1"} 
  2022-04-13T11:25:53.513Z   -   [info] -  {"lang1":"java","level1":"1"} 
  2022-04-13T11:26:01.193Z   -   [info] -  {"lang1":"java","level1":"1"} 
  2022-04-13T11:27:02.080Z   -   [info] -  {"lang1":"java","level1":"1"} 
  2022-04-13T11:27:12.080Z   -   [info] -  {"lang1":"java","level1":"1"} 
  2022-04-13T11:31:16.575Z   -   [info] -  {"lang1":"java","level1":"1"} 
  2022-04-13T11:32:36.954Z   -   [info] -  {"lang1":"java","level1":"1"} 
  2022-04-13T11:32:49.229Z   -   [info] -  {"lang1":"java","level1":"1"} 
  2022-04-13T11:34:24.968Z   -   [info] -  {"lang1":"java","level1":"1"} 
  2022-04-13T11:34:39.077Z   -   [info] -  {"lang1":"java","level1":"1"} 
  2022-04-13T11:35:40.906Z   -   [info] -  {"lang1":"java","level1":"1"} 
  2022-04-13T11:40:19.178Z   -   [info] -  {"lang1":"java","level1":"1"} 
  2022-04-13T11:42:39.349Z   -   [info] -  {"lang1":"java","level1":"1"} 
  2022-04-13T11:42:50.216Z   -   [info] -  {"lang1":"java","level1":"1"} 
  2022-04-13T11:43:10.528Z   -   [info] -  {"lang1":"java","level1":"1"} 
  2022-04-13T11:43:27.245Z   -   [info] -  {"lang1":"java","level1":"1"} 
  2022-04-13T11:46:28.305Z   -   [info] -  {"lang1":"java","level1":"1"} 
  2022-04-13T11:47:41.709Z   -   [info] -  {"lang1":"java","level1":"1"} 
  2022-04-13T11:48:05.954Z   -   [info] -  {"lang1":"java","level1":"1"} 
  2022-04-13T11:49:00.367Z   -   [info] -  {"lang1":"java","level1":"2"} 
  2022-04-13T11:49:08.207Z   -   [info] -  {"lang1":"java","level1":"1"} 
  2022-04-13T11:49:15.704Z   -   [info] -  {"lang1":"java","level1":"2"} 
  2022-04-13T11:50:32.475Z   -   [info] -  {"lang1":"java","level1":"2"} 
  2022-04-13T11:50:43.508Z   -   [info] -  {"lang1":"java","level1":"1"} 
  2022-04-13T11:50:59.055Z   -   [info] -  {"lang1":"java","level1":"2"} 
  2022-04-13T11:52:05.632Z   -   [info] -  {"lang1":"java","level1":"1"} 
  2022-04-13T11:52:19.477Z   -   [info] -  {"lang1":"java","level1":"2"} 
  2022-04-13T11:53:13.252Z   -   [info] -  {"lang1":"java","level1":"2"} 
  2022-04-13T11:53:24.304Z   -   [info] -  {"lang1":"java","level1":"1"} 
  2022-04-13T11:53:38.798Z   -   [info] -  {"lang1":"java","level1":"2"} 
  2022-04-13T11:54:10.006Z   -   [info] -  {"lang1":"java","level1":"1"} 
  2022-04-13T11:54:23.205Z   -   [info] -  {"lang1":"java","level1":"2"} 
  2022-04-13T11:59:06.671Z   -   [info] -  {"lang1":"java","level1":"1"} 
  2022-04-13T11:59:37.656Z   -   [info] -  {"lang1":"java","level1":"1"} 
  2022-04-13T11:59:59.929Z   -   [info] -  {"lang1":"java","level1":"1"} 
  2022-04-13T12:00:06.572Z   -   [info] -  {"lang1":"java","level1":"1"} 
  2022-04-13T12:04:07.805Z   -   [info] -  {"lang1":"java","level1":"1"} 
  2022-04-13T12:07:25.890Z   -   [info] -  {"lang1":"java","level1":"1"} 
  2022-04-18T04:37:42.878Z   -   [error] -  error 
  2022-04-18T04:37:42.879Z   -   [warn] -  warn 
  2022-04-18T04:37:42.879Z   -   [info] -  info 
  2022-04-18T04:37:42.883Z   -   [info] -  Example app listening on port 2001 
  2022-04-18T04:37:44.374Z   -   [info] -  connected to db 
  2022-04-18T04:38:13.508Z   -   [info] -  {"lang1":"java","level1":"1"} 
  2022-04-18T04:38:48.359Z   -   [info] -  {"lang1":"java","level1":"1"} 
  2022-04-18T04:39:09.676Z   -   [info] -  {"lang1":"java","level1":"2"} 
  2022-04-18T04:41:27.828Z   -   [info] -  {"lang1":"java","level1":"1"} 
  2022-04-18T04:41:35.856Z   -   [info] -  {"lang1":"python","level1":"1"} 
  2022-04-18T04:41:40.611Z   -   [info] -  {"lang1":"c++","level1":"1"} 
  2022-04-18T04:42:36.544Z   -   [info] -  {"lang1":"c++","level1":"2"} 
  2022-04-18T04:47:48.891Z   -   [info] -  {"lang1":"java","level1":"1"} 
  2022-04-18T04:49:10.567Z   -   [info] -  {"lang1":"java","level1":"1"} 
  2022-04-18T04:49:31.314Z   -   [info] -  {"lang1":"java","level1":"2"} 
  2022-04-18T04:51:01.748Z   -   [info] -  {"lang1":"java","level1":"2"} 
  2022-04-18T04:51:12.515Z   -   [info] -  {"lang1":"java","level1":"1"} 
  2022-04-18T04:51:34.633Z   -   [info] -  {"lang1":"java","level1":"2"} 
  2022-04-18T04:52:00.170Z   -   [info] -  {"lang1":"java","level1":"1"} 
  2022-04-18T04:52:36.532Z   -   [info] -  {"lang1":"java","level1":"2"} 
  2022-04-18T05:08:00.068Z   -   [info] -  {"lang1":"java","level1":"1"} 
  2022-04-18T05:20:45.661Z   -   [info] -  {"lang1":"java","level1":"1"} 
  2022-04-18T05:20:49.801Z   -   [info] -  {"lang1":"java","level1":"2"} 
  2022-04-18T05:20:54.405Z   -   [info] -  {"lang1":"java","level1":"1"} 
  2022-04-18T05:21:35.620Z   -   [info] -  {"lang1":"java","level1":"2"} 
  2022-04-18T07:09:38.475Z   -   [info] -  {"lang1":"java","level1":"1"} 
  2022-04-18T07:13:32.570Z   -   [info] -  {"lang1":"java","level1":"1"} 
  2022-04-18T07:14:18.225Z   -   [info] -  {"lang1":"java","level1":"1"} 
  2022-04-18T07:14:38.632Z   -   [info] -  {"lang1":"java","level1":"2"} 
  2022-04-18T07:19:31.244Z   -   [info] -  {"lang1":"java","level1":"1"} 
  2022-04-18T07:20:20.680Z   -   [info] -  {"lang1":"java","level1":"2"} 
  2022-04-18T07:25:28.565Z   -   [info] -  {"lang1":"java","level1":"2"} 
  2022-04-18T07:25:46.732Z   -   [info] -  {"lang1":"java","level1":"1"} 
  2022-04-18T07:26:19.838Z   -   [info] -  {"lang1":"java","level1":"2"} 
  2022-04-18T07:27:53.764Z   -   [info] -  {"lang1":"java","level1":"1"} 
  2022-04-18T07:28:11.591Z   -   [info] -  {"lang1":"java","level1":"2"} 
  2022-04-18T07:31:18.896Z   -   [info] -  {"lang1":"java","level1":"1"} 
  2022-04-18T07:31:28.701Z   -   [info] -  {"lang1":"java","level1":"2"} 
  2022-04-18T07:32:20.794Z   -   [info] -  {"lang1":"java","level1":"1"} 
  2022-04-18T07:32:47.903Z   -   [info] -  {"lang1":"java","level1":"2"} 
  2022-04-18T07:33:18.767Z   -   [info] -  {"lang1":"java","level1":"1"} 
  2022-04-18T07:33:33.858Z   -   [info] -  {"lang1":"java","level1":"2"} 
  2022-04-18T07:36:43.799Z   -   [info] -  {"lang1":"java","level1":"1"} 
  2022-04-18T07:36:57.633Z   -   [info] -  {"lang1":"java","level1":"2"} 
  2022-04-18T09:16:28.072Z   -   [info] -  {"lang1":"java","level1":"2"} 
  2022-04-18T09:17:40.918Z   -   [info] -  {"lang1":"java","level1":"1"} 
  2022-04-18T09:18:15.369Z   -   [info] -  {"lang1":"java","level1":"2"} 
  2022-04-18T09:19:42.587Z   -   [info] -  {"lang1":"java","level1":"2"} 
  2022-04-18T09:22:56.713Z   -   [error] -  error 
  2022-04-18T09:22:56.715Z   -   [warn] -  warn 
  2022-04-18T09:22:56.715Z   -   [info] -  info 
  2022-04-18T09:22:56.718Z   -   [info] -  Example app listening on port 2001 
  2022-04-18T09:22:57.877Z   -   [info] -  connected to db 
  2022-04-18T09:23:05.965Z   -   [info] -  {"lang1":"java","level1":"1"} 
  2022-04-18T09:23:27.677Z   -   [info] -  {"lang1":"java","level1":"2"} 
  2022-04-18T09:24:52.924Z   -   [info] -  {"lang1":"python","level1":"1"} 
  2022-04-18T09:25:02.941Z   -   [info] -  {"lang1":"python","level1":"2"} 
  2022-04-18T12:09:06.785Z   -   [error] -  error 
  2022-04-18T12:09:06.787Z   -   [warn] -  warn 
  2022-04-18T12:09:06.787Z   -   [info] -  info 
  2022-04-18T12:09:06.794Z   -   [info] -  Example app listening on port 2001 
  2022-04-18T12:09:08.002Z   -   [info] -  connected to db 
  2022-04-18T12:12:05.496Z   -   [info] -  {"lang1":"java","level1":"1"} 
  2022-04-18T12:12:33.914Z   -   [info] -  {"lang1":"java","level1":"2"} 
  2022-04-18T12:14:27.810Z   -   [info] -  {"lang1":"c++","level1":"1"} 
  2022-04-18T12:14:45.854Z   -   [info] -  {"lang1":"c++","level1":"2"} 
  2022-04-18T12:17:09.302Z   -   [info] -  {"lang1":"java","level1":"1"} 
  2022-04-19T04:40:05.790Z   -   [error] -  error 
  2022-04-19T04:40:05.793Z   -   [warn] -  warn 
  2022-04-19T04:40:05.793Z   -   [info] -  info 
  2022-04-19T04:40:05.796Z   -   [info] -  Example app listening on port 2001 
  2022-04-19T04:40:18.200Z   -   [error] -  error 
  2022-04-19T04:40:18.201Z   -   [warn] -  warn 
  2022-04-19T04:40:18.201Z   -   [info] -  info 
  2022-04-19T04:40:18.205Z   -   [info] -  Example app listening on port 2001 
  2022-04-19T04:40:31.511Z   -   [info] -  connected to db 
  2022-04-19T05:10:05.396Z   -   [error] -  error 
  2022-04-19T05:10:05.398Z   -   [warn] -  warn 
  2022-04-19T05:10:05.398Z   -   [info] -  info 
  2022-04-19T05:10:05.402Z   -   [info] -  Example app listening on port 2001 
  2022-04-19T05:10:06.542Z   -   [info] -  connected to db 
  2022-04-19T05:10:48.606Z   -   [info] -  {"lang1":"java","level1":"1"} 
  2022-04-19T05:15:15.761Z   -   [info] -  {"lang1":"java","level1":"1"} 
  2022-04-19T05:17:33.148Z   -   [error] -  error 
  2022-04-19T05:17:33.150Z   -   [warn] -  warn 
  2022-04-19T05:17:33.150Z   -   [info] -  info 
  2022-04-19T05:17:33.154Z   -   [info] -  Example app listening on port 2001 
  2022-04-19T05:17:34.332Z   -   [info] -  connected to db 
  2022-04-19T05:17:48.918Z   -   [info] -  {"lang1":"java","level1":"1"} 
  2022-04-19T05:19:58.781Z   -   [info] -  {"lang1":"java","level1":"1"} 
  2022-04-19T05:20:11.267Z   -   [info] -  {"lang1":"java","level1":"1"} 
  2022-04-19T05:20:31.939Z   -   [info] -  {"lang1":"java","level1":"1"} 
  2022-04-19T05:20:38.524Z   -   [info] -  {"lang1":"java","level1":"1"} 
  2022-04-19T05:20:53.063Z   -   [info] -  {"lang1":"java","level1":"1"} 
  2022-04-19T05:22:31.770Z   -   [error] -  error 
  2022-04-19T05:22:31.772Z   -   [warn] -  warn 
  2022-04-19T05:22:31.772Z   -   [info] -  info 
  2022-04-19T05:22:31.776Z   -   [info] -  Example app listening on port 2001 
  2022-04-19T05:22:32.824Z   -   [info] -  connected to db 
  2022-04-19T05:22:48.133Z   -   [info] -  {"lang1":"java","level1":"1"} 
  2022-04-19T05:25:20.633Z   -   [error] -  error 
  2022-04-19T05:25:20.635Z   -   [warn] -  warn 
  2022-04-19T05:25:20.635Z   -   [info] -  info 
  2022-04-19T05:25:20.639Z   -   [info] -  Example app listening on port 2001 
  2022-04-19T05:25:21.808Z   -   [info] -  connected to db 
  2022-04-19T05:25:38.100Z   -   [info] -  {"lang1":"java","level1":"1"} 
  2022-04-19T05:26:50.131Z   -   [info] -  {"lang1":"java","level1":"1"} 
  2022-04-19T07:18:18.835Z   -   [error] -  error 
  2022-04-19T07:18:18.837Z   -   [warn] -  warn 
  2022-04-19T07:18:18.837Z   -   [info] -  info 
  2022-04-19T07:18:18.841Z   -   [info] -  Example app listening on port 2001 
  2022-04-19T07:18:19.845Z   -   [info] -  connected to db 
  2022-04-19T07:18:25.149Z   -   [error] -  error 
  2022-04-19T07:18:25.151Z   -   [warn] -  warn 
  2022-04-19T07:18:25.151Z   -   [info] -  info 
  2022-04-19T07:18:25.155Z   -   [info] -  Example app listening on port 2001 
  2022-04-19T07:18:25.605Z   -   [info] -  connected to db 
  2022-04-19T07:18:28.812Z   -   [error] -  error 
  2022-04-19T07:18:28.813Z   -   [warn] -  warn 
  2022-04-19T07:18:28.814Z   -   [info] -  info 
  2022-04-19T07:18:28.817Z   -   [info] -  Example app listening on port 2001 
  2022-04-19T07:18:29.219Z   -   [info] -  connected to db 
  2022-04-19T07:18:45.459Z   -   [info] -  {"lang1":"java","level1":"1"} 
  2022-04-19T07:19:28.933Z   -   [info] -  {"lang1":"java","level1":"1"} 
  2022-04-19T07:31:49.359Z   -   [error] -  error 
  2022-04-19T07:31:49.360Z   -   [warn] -  warn 
  2022-04-19T07:31:49.360Z   -   [info] -  info 
  2022-04-19T07:31:49.364Z   -   [info] -  Example app listening on port 2001 
  2022-04-19T07:31:50.425Z   -   [info] -  connected to db 
  2022-04-19T07:31:59.663Z   -   [info] -  {"lang1":"java","level1":"1"} 
  2022-04-19T07:32:21.920Z   -   [info] -  {"lang1":"java","level1":"2"} 
  2022-04-19T07:32:46.743Z   -   [info] -  {"lang1":"java","level1":"1"} 
  2022-04-19T07:33:22.614Z   -   [info] -  {"lang1":"java","level1":"1"} 
  2022-04-19T07:34:28.771Z   -   [info] -  {"lang1":"java","level1":"1"} 
  2022-04-19T07:34:39.730Z   -   [info] -  {"lang1":"java","level1":"1"} 
  2022-04-19T09:15:07.212Z   -   [error] -  error 
  2022-04-19T09:15:07.214Z   -   [warn] -  warn 
  2022-04-19T09:15:07.214Z   -   [info] -  info 
  2022-04-19T09:15:07.218Z   -   [info] -  Example app listening on port 2001 
  2022-04-19T09:15:08.503Z   -   [info] -  connected to db 
  2022-04-19T09:15:50.816Z   -   [info] -  {"lang1":"java","level1":"1"} 
  2022-04-19T09:17:39.883Z   -   [error] -  error 
  2022-04-19T09:17:39.885Z   -   [warn] -  warn 
  2022-04-19T09:17:39.885Z   -   [info] -  info 
  2022-04-19T09:17:39.889Z   -   [info] -  Example app listening on port 2001 
  2022-04-19T09:17:40.572Z   -   [info] -  connected to db 
  2022-04-19T09:17:48.893Z   -   [info] -  {"lang1":"java","level1":"1"} 
  2022-04-19T09:18:56.702Z   -   [error] -  error 
  2022-04-19T09:18:56.704Z   -   [warn] -  warn 
  2022-04-19T09:18:56.705Z   -   [info] -  info 
  2022-04-19T09:18:56.708Z   -   [info] -  Example app listening on port 2001 
  2022-04-19T09:18:57.754Z   -   [info] -  connected to db 
  2022-04-19T09:19:02.319Z   -   [info] -  {"lang1":"java","level1":"1"} 
  2022-04-19T09:21:58.468Z   -   [error] -  error 
  2022-04-19T09:21:58.470Z   -   [warn] -  warn 
  2022-04-19T09:21:58.470Z   -   [info] -  info 
  2022-04-19T09:21:58.474Z   -   [info] -  Example app listening on port 2001 
  2022-04-19T09:21:59.503Z   -   [info] -  connected to db 
  2022-04-19T09:22:05.838Z   -   [info] -  {"lang1":"java","level1":"1"} 
  2022-04-19T09:23:14.913Z   -   [error] -  error 
  2022-04-19T09:23:14.915Z   -   [warn] -  warn 
  2022-04-19T09:23:14.915Z   -   [info] -  info 
  2022-04-19T09:23:14.920Z   -   [info] -  Example app listening on port 2001 
  2022-04-19T09:23:16.061Z   -   [info] -  connected to db 
  2022-04-19T09:23:21.563Z   -   [info] -  {"lang1":"java","level1":"1"} 
  2022-04-19T09:23:46.066Z   -   [info] -  {"lang1":"java","level1":"1"} 
  2022-04-19T09:24:24.886Z   -   [info] -  {"lang1":"java","level1":"2"} 
  2022-04-19T09:31:06.706Z   -   [info] -  {"lang1":"java","level1":"1"} 
  2022-04-19T09:57:19.400Z   -   [info] -  {"lang1":"c","level1":"1"} 
  2022-04-19T09:57:54.461Z   -   [info] -  {"lang1":"c","level1":"1"} 
  2022-04-19T10:08:49.432Z   -   [error] -  error 
  2022-04-19T10:08:49.434Z   -   [warn] -  warn 
  2022-04-19T10:08:49.434Z   -   [info] -  info 
  2022-04-19T10:08:49.437Z   -   [info] -  Example app listening on port 2001 
  2022-04-19T10:08:50.598Z   -   [info] -  connected to db 
  2022-04-19T10:15:31.932Z   -   [info] -  {"lang1":"java","level1":"1"} 
  2022-04-19T10:16:46.864Z   -   [error] -  error 
  2022-04-19T10:16:46.866Z   -   [warn] -  warn 
  2022-04-19T10:16:46.866Z   -   [info] -  info 
  2022-04-19T10:16:46.870Z   -   [info] -  Example app listening on port 2001 
  2022-04-19T10:16:48.133Z   -   [info] -  connected to db 
  2022-04-19T10:19:05.455Z   -   [error] -  error 
  2022-04-19T10:19:05.456Z   -   [warn] -  warn 
  2022-04-19T10:19:05.457Z   -   [info] -  info 
  2022-04-19T10:19:05.460Z   -   [info] -  Example app listening on port 2001 
  2022-04-19T10:19:06.586Z   -   [info] -  connected to db 
  2022-04-19T10:43:44.442Z   -   [error] -  error 
  2022-04-19T10:43:44.444Z   -   [warn] -  warn 
  2022-04-19T10:43:44.444Z   -   [info] -  info 
  2022-04-19T10:43:44.448Z   -   [info] -  Example app listening on port 2001 
  2022-04-19T10:43:45.711Z   -   [info] -  connected to db 
  2022-04-19T10:46:00.942Z   -   [error] -  error 
  2022-04-19T10:46:00.944Z   -   [warn] -  warn 
  2022-04-19T10:46:00.944Z   -   [info] -  info 
  2022-04-19T10:46:00.948Z   -   [info] -  Example app listening on port 2001 
  2022-04-19T10:46:02.096Z   -   [info] -  connected to db 
  2022-04-19T10:48:39.821Z   -   [info] -  {"lang1":"java","level1":"1"} 
  2022-04-19T10:51:35.540Z   -   [error] -  error 
  2022-04-19T10:51:35.542Z   -   [warn] -  warn 
  2022-04-19T10:51:35.542Z   -   [info] -  info 
  2022-04-19T10:51:35.546Z   -   [info] -  Example app listening on port 2001 
  2022-04-19T10:51:37.167Z   -   [info] -  connected to db 
  2022-04-19T10:59:54.836Z   -   [error] -  error 
  2022-04-19T10:59:54.838Z   -   [warn] -  warn 
  2022-04-19T10:59:54.838Z   -   [info] -  info 
  2022-04-19T10:59:54.842Z   -   [info] -  Example app listening on port 2001 
  2022-04-19T10:59:56.010Z   -   [info] -  connected to db 
  2022-04-19T11:00:28.397Z   -   [error] -  error 
  2022-04-19T11:00:28.398Z   -   [warn] -  warn 
  2022-04-19T11:00:28.398Z   -   [info] -  info 
  2022-04-19T11:00:28.402Z   -   [info] -  Example app listening on port 2001 
  2022-04-19T11:00:28.865Z   -   [info] -  connected to db 
  2022-04-19T11:20:15.349Z   -   [error] -  error 
  2022-04-19T11:20:15.350Z   -   [warn] -  warn 
  2022-04-19T11:20:15.351Z   -   [info] -  info 
  2022-04-19T11:20:15.354Z   -   [info] -  Example app listening on port 2001 
  2022-04-19T11:20:16.724Z   -   [info] -  connected to db 
  2022-04-19T11:22:05.423Z   -   [error] -  error 
  2022-04-19T11:22:05.425Z   -   [warn] -  warn 
  2022-04-19T11:22:05.425Z   -   [info] -  info 
  2022-04-19T11:22:05.428Z   -   [info] -  Example app listening on port 2001 
  2022-04-19T11:22:07.816Z   -   [info] -  connected to db 
  2022-04-20T04:20:08.022Z   -   [info] -  {"lang1":"java","level1":"1"} 
  2022-04-20T04:25:18.731Z   -   [error] -  error 
  2022-04-20T04:25:18.732Z   -   [warn] -  warn 
  2022-04-20T04:25:18.733Z   -   [info] -  info 
  2022-04-20T04:25:18.738Z   -   [info] -  Example app listening on port 2001 
  2022-04-20T04:25:19.853Z   -   [info] -  connected to db 
  2022-04-20T04:27:58.780Z   -   [error] -  error 
  2022-04-20T04:27:58.782Z   -   [warn] -  warn 
  2022-04-20T04:27:58.782Z   -   [info] -  info 
  2022-04-20T04:27:58.786Z   -   [info] -  Example app listening on port 2001 
  2022-04-20T04:27:59.964Z   -   [info] -  connected to db 
  2022-04-20T04:28:55.597Z   -   [error] -  error 
  2022-04-20T04:28:55.599Z   -   [warn] -  warn 
  2022-04-20T04:28:55.600Z   -   [info] -  info 
  2022-04-20T04:28:55.603Z   -   [info] -  Example app listening on port 2001 
  2022-04-20T04:28:56.060Z   -   [info] -  connected to db 
  2022-04-20T04:30:48.910Z   -   [error] -  error 
  2022-04-20T04:30:48.911Z   -   [warn] -  warn 
  2022-04-20T04:30:48.911Z   -   [info] -  info 
  2022-04-20T04:30:48.915Z   -   [info] -  Example app listening on port 2001 
  2022-04-20T04:30:50.121Z   -   [info] -  connected to db 
  2022-04-20T04:32:09.939Z   -   [error] -  error 
  2022-04-20T04:32:09.941Z   -   [warn] -  warn 
  2022-04-20T04:32:09.941Z   -   [info] -  info 
  2022-04-20T04:32:09.946Z   -   [info] -  Example app listening on port 2001 
  2022-04-20T04:32:11.125Z   -   [info] -  connected to db 
  2022-04-20T04:35:14.160Z   -   [error] -  error 
  2022-04-20T04:35:14.161Z   -   [warn] -  warn 
  2022-04-20T04:35:14.162Z   -   [info] -  info 
  2022-04-20T04:35:14.165Z   -   [info] -  Example app listening on port 2001 
  2022-04-20T04:35:15.462Z   -   [info] -  connected to db 
  2022-04-20T04:40:41.392Z   -   [error] -  error 
  2022-04-20T04:40:41.394Z   -   [warn] -  warn 
  2022-04-20T04:40:41.394Z   -   [info] -  info 
  2022-04-20T04:40:41.397Z   -   [info] -  Example app listening on port 2001 
  2022-04-20T04:40:42.557Z   -   [info] -  connected to db 
  2022-04-20T04:42:13.493Z   -   [error] -  error 
  2022-04-20T04:42:13.495Z   -   [warn] -  warn 
  2022-04-20T04:42:13.495Z   -   [info] -  info 
  2022-04-20T04:42:13.498Z   -   [info] -  Example app listening on port 2001 
  2022-04-20T04:42:14.506Z   -   [info] -  connected to db 
  2022-04-20T04:43:56.767Z   -   [error] -  error 
  2022-04-20T04:43:56.769Z   -   [warn] -  warn 
  2022-04-20T04:43:56.769Z   -   [info] -  info 
  2022-04-20T04:43:56.773Z   -   [info] -  Example app listening on port 2001 
  2022-04-20T04:43:58.014Z   -   [info] -  connected to db 
  2022-04-20T04:45:10.467Z   -   [error] -  error 
  2022-04-20T04:45:10.469Z   -   [warn] -  warn 
  2022-04-20T04:45:10.469Z   -   [info] -  info 
  2022-04-20T04:45:10.473Z   -   [info] -  Example app listening on port 2001 
  2022-04-20T04:45:11.628Z   -   [info] -  connected to db 
  2022-04-20T04:45:39.370Z   -   [error] -  error 
  2022-04-20T04:45:39.372Z   -   [warn] -  warn 
  2022-04-20T04:45:39.372Z   -   [info] -  info 
  2022-04-20T04:45:39.376Z   -   [info] -  Example app listening on port 2001 
  2022-04-20T04:45:39.799Z   -   [info] -  connected to db 
  2022-04-20T04:46:20.893Z   -   [error] -  error 
  2022-04-20T04:46:20.895Z   -   [warn] -  warn 
  2022-04-20T04:46:20.895Z   -   [info] -  info 
  2022-04-20T04:46:20.899Z   -   [info] -  Example app listening on port 2001 
  2022-04-20T04:46:22.042Z   -   [info] -  connected to db 
  2022-04-20T04:47:18.187Z   -   [error] -  error 
  2022-04-20T04:47:18.189Z   -   [warn] -  warn 
  2022-04-20T04:47:18.189Z   -   [info] -  info 
  2022-04-20T04:47:18.194Z   -   [info] -  Example app listening on port 2001 
  2022-04-20T04:47:18.852Z   -   [info] -  connected to db 
  2022-04-20T04:49:15.472Z   -   [error] -  error 
  2022-04-20T04:49:15.473Z   -   [warn] -  warn 
  2022-04-20T04:49:15.474Z   -   [info] -  info 
  2022-04-20T04:49:15.477Z   -   [info] -  Example app listening on port 2001 
  2022-04-20T04:49:16.505Z   -   [info] -  connected to db 
  2022-04-20T04:49:45.778Z   -   [error] -  error 
  2022-04-20T04:49:45.779Z   -   [warn] -  warn 
  2022-04-20T04:49:45.780Z   -   [info] -  info 
  2022-04-20T04:49:45.783Z   -   [info] -  Example app listening on port 2001 
  2022-04-20T04:49:46.172Z   -   [info] -  connected to db 
  2022-04-20T04:52:12.136Z   -   [error] -  error 
  2022-04-20T04:52:12.138Z   -   [warn] -  warn 
  2022-04-20T04:52:12.138Z   -   [info] -  info 
  2022-04-20T04:52:12.143Z   -   [info] -  Example app listening on port 2001 
  2022-04-20T04:52:13.412Z   -   [info] -  connected to db 
  2022-04-20T04:52:37.522Z   -   [error] -  error 
  2022-04-20T04:52:37.524Z   -   [warn] -  warn 
  2022-04-20T04:52:37.524Z   -   [info] -  info 
  2022-04-20T04:52:37.528Z   -   [info] -  Example app listening on port 2001 
  2022-04-20T04:52:37.923Z   -   [info] -  connected to db 
  2022-04-20T04:54:14.042Z   -   [error] -  error 
  2022-04-20T04:54:14.043Z   -   [warn] -  warn 
  2022-04-20T04:54:14.043Z   -   [info] -  info 
  2022-04-20T04:54:14.047Z   -   [info] -  Example app listening on port 2001 
  2022-04-20T04:54:15.369Z   -   [info] -  connected to db 
  2022-04-20T04:56:58.560Z   -   [error] -  error 
  2022-04-20T04:56:58.562Z   -   [warn] -  warn 
  2022-04-20T04:56:58.563Z   -   [info] -  info 
  2022-04-20T04:56:58.567Z   -   [info] -  Example app listening on port 2001 
  2022-04-20T04:56:59.649Z   -   [info] -  connected to db 
  2022-04-20T05:05:10.456Z   -   [error] -  error 
  2022-04-20T05:05:10.457Z   -   [warn] -  warn 
  2022-04-20T05:05:10.457Z   -   [info] -  info 
  2022-04-20T05:05:10.461Z   -   [info] -  Example app listening on port 2001 
  2022-04-20T05:05:11.936Z   -   [info] -  connected to db 
  2022-04-20T05:06:50.437Z   -   [info] -  {"lang1":"java","level1":"1"} 
  2022-04-20T05:07:48.918Z   -   [error] -  error 
  2022-04-20T05:07:48.919Z   -   [warn] -  warn 
  2022-04-20T05:07:48.920Z   -   [info] -  info 
  2022-04-20T05:07:48.923Z   -   [info] -  Example app listening on port 2001 
  2022-04-20T05:07:50.096Z   -   [info] -  connected to db 
  2022-04-20T05:08:11.863Z   -   [error] -  error 
  2022-04-20T05:08:11.864Z   -   [warn] -  warn 
  2022-04-20T05:08:11.865Z   -   [info] -  info 
  2022-04-20T05:08:11.868Z   -   [info] -  Example app listening on port 2001 
  2022-04-20T05:08:12.292Z   -   [info] -  connected to db 
  2022-04-20T05:09:50.880Z   -   [error] -  error 
  2022-04-20T05:09:50.881Z   -   [warn] -  warn 
  2022-04-20T05:09:50.882Z   -   [info] -  info 
  2022-04-20T05:09:50.885Z   -   [info] -  Example app listening on port 2001 
  2022-04-20T05:09:52.090Z   -   [info] -  connected to db 
  2022-04-20T05:10:48.768Z   -   [info] -  {"lang1":"java","level1":"1"} 
  2022-04-20T05:12:41.039Z   -   [info] -  {"lang1":"java","level1":"1"} 
  2022-04-20T05:13:24.840Z   -   [info] -  {"lang1":"java","level1":"2"} 
  2022-04-20T05:20:52.577Z   -   [error] -  error 
  2022-04-20T05:20:52.578Z   -   [warn] -  warn 
  2022-04-20T05:20:52.578Z   -   [info] -  info 
  2022-04-20T05:20:52.582Z   -   [info] -  Example app listening on port 2001 
  2022-04-20T05:20:53.918Z   -   [info] -  connected to db 
  2022-04-20T05:22:57.907Z   -   [info] -  {"lang1":"c","level1":"1"} 
  2022-04-20T05:27:40.426Z   -   [info] -  {"lang1":"java","level1":"1"} 
  2022-04-20T05:28:23.778Z   -   [info] -  {"lang1":"java","level1":"1"} 
  2022-04-20T05:29:07.569Z   -   [info] -  {"lang1":"java","level1":"1"} 
  2022-04-20T05:31:01.203Z   -   [info] -  {"lang1":"java","level1":"1"} 
  2022-04-20T05:31:33.339Z   -   [info] -  {"lang1":"java","level1":"1"} 
  2022-04-20T05:32:32.582Z   -   [info] -  {"lang1":"java","level1":"1"} 
  2022-04-20T05:33:58.653Z   -   [info] -  {"lang1":"java","level1":"1"} 
  2022-04-20T05:34:08.348Z   -   [info] -  {"lang1":"java","level1":"1"} 
  2022-04-20T05:34:29.354Z   -   [info] -  {"lang1":"java","level1":"1"} 
  2022-04-20T05:35:08.179Z   -   [info] -  {"lang1":"java","level1":"1"} 
  2022-04-20T05:35:36.384Z   -   [info] -  {"lang1":"java","level1":"1"} 
  2022-04-20T05:36:12.659Z   -   [info] -  {"lang1":"java","level1":"1"} 
  2022-04-20T05:36:22.857Z   -   [info] -  {"lang1":"java","level1":"1"} 
  2022-04-20T05:36:36.028Z   -   [info] -  {"lang1":"java","level1":"1"} 
  2022-04-20T05:36:53.738Z   -   [info] -  {"lang1":"java","level1":"1"} 
  2022-04-20T05:36:58.890Z   -   [info] -  {"lang1":"java","level1":"1"} 
  2022-04-20T05:36:59.607Z   -   [info] -  {"lang1":"java","level1":"1"} 
  2022-04-20T05:37:07.720Z   -   [info] -  {"lang1":"java","level1":"1"} 
  2022-04-20T05:37:17.412Z   -   [info] -  {"lang1":"java","level1":"1"} 
  2022-04-20T05:37:27.286Z   -   [info] -  {"lang1":"java","level1":"1"} 
  2022-04-20T05:37:37.159Z   -   [info] -  {"lang1":"java","level1":"1"} 
  2022-04-20T05:38:00.989Z   -   [info] -  {"lang1":"c","level1":"1"} 
  2022-04-20T05:39:53.476Z   -   [info] -  {"lang1":"c","level1":"2"} 
  2022-04-20T05:40:35.079Z   -   [info] -  {"lang1":"python","level1":"1"} 
  2022-04-20T05:42:20.138Z   -   [info] -  {"lang1":"python","level1":"2"} 
  2022-04-20T05:42:41.451Z   -   [info] -  {"lang1":"c++","level1":"1"} 
  2022-04-20T05:44:03.229Z   -   [info] -  {"lang1":"c++","level1":"2"} 
  2022-04-20T05:44:50.431Z   -   [info] -  {"lang1":"java","level1":"1"} 
  2022-04-20T06:59:26.082Z   -   [error] -  error 
  2022-04-20T06:59:26.084Z   -   [warn] -  warn 
  2022-04-20T06:59:26.084Z   -   [info] -  info 
  2022-04-20T06:59:26.088Z   -   [info] -  Example app listening on port 2001 
  2022-04-20T06:59:27.243Z   -   [info] -  connected to db 
  2022-04-20T07:14:28.149Z   -   [error] -  error 
  2022-04-20T07:14:28.150Z   -   [warn] -  warn 
  2022-04-20T07:14:28.151Z   -   [info] -  info 
  2022-04-20T07:14:28.154Z   -   [info] -  Example app listening on port 2001 
  2022-04-20T07:14:29.277Z   -   [info] -  connected to db 
  2022-04-20T07:16:40.954Z   -   [error] -  error 
  2022-04-20T07:16:40.956Z   -   [warn] -  warn 
  2022-04-20T07:16:40.956Z   -   [info] -  info 
  2022-04-20T07:16:40.960Z   -   [info] -  Example app listening on port 2001 
  2022-04-20T07:16:42.073Z   -   [info] -  connected to db 
  2022-04-20T07:17:19.799Z   -   [error] -  error 
  2022-04-20T07:17:19.800Z   -   [warn] -  warn 
  2022-04-20T07:17:19.800Z   -   [info] -  info 
  2022-04-20T07:17:19.804Z   -   [info] -  Example app listening on port 2001 
  2022-04-20T07:17:20.307Z   -   [info] -  connected to db 
  2022-04-20T07:18:20.882Z   -   [error] -  error 
  2022-04-20T07:18:20.884Z   -   [warn] -  warn 
  2022-04-20T07:18:20.884Z   -   [info] -  info 
  2022-04-20T07:18:20.888Z   -   [info] -  Example app listening on port 2001 
  2022-04-20T07:18:22.032Z   -   [info] -  connected to db 
  2022-04-20T07:22:04.660Z   -   [error] -  error 
  2022-04-20T07:22:04.661Z   -   [warn] -  warn 
  2022-04-20T07:22:04.661Z   -   [info] -  info 
  2022-04-20T07:22:04.665Z   -   [info] -  Example app listening on port 2001 
  2022-04-20T07:22:05.748Z   -   [info] -  connected to db 
  2022-04-20T07:23:05.015Z   -   [error] -  error 
  2022-04-20T07:23:05.016Z   -   [warn] -  warn 
  2022-04-20T07:23:05.016Z   -   [info] -  info 
  2022-04-20T07:23:05.020Z   -   [info] -  Example app listening on port 2001 
  2022-04-20T07:23:05.539Z   -   [info] -  connected to db 
  2022-04-20T07:26:00.746Z   -   [error] -  error 
  2022-04-20T07:26:00.748Z   -   [warn] -  warn 
  2022-04-20T07:26:00.748Z   -   [info] -  info 
  2022-04-20T07:26:00.752Z   -   [info] -  Example app listening on port 2001 
  2022-04-20T07:26:01.802Z   -   [info] -  connected to db 
  2022-04-20T07:27:19.871Z   -   [error] -  error 
  2022-04-20T07:27:19.872Z   -   [warn] -  warn 
  2022-04-20T07:27:19.873Z   -   [info] -  info 
  2022-04-20T07:27:19.876Z   -   [info] -  Example app listening on port 2001 
  2022-04-20T07:27:21.120Z   -   [info] -  connected to db 
  2022-04-20T07:29:37.086Z   -   [error] -  error 
  2022-04-20T07:29:37.088Z   -   [warn] -  warn 
  2022-04-20T07:29:37.088Z   -   [info] -  info 
  2022-04-20T07:29:37.092Z   -   [info] -  Example app listening on port 2001 
  2022-04-20T07:29:38.317Z   -   [info] -  connected to db 
  2022-04-20T07:30:43.579Z   -   [error] -  error 
  2022-04-20T07:30:43.580Z   -   [warn] -  warn 
  2022-04-20T07:30:43.580Z   -   [info] -  info 
  2022-04-20T07:30:43.584Z   -   [info] -  Example app listening on port 2001 
  2022-04-20T07:30:44.583Z   -   [info] -  connected to db 
  2022-04-20T07:32:26.997Z   -   [error] -  error 
  2022-04-20T07:32:26.999Z   -   [warn] -  warn 
  2022-04-20T07:32:26.999Z   -   [info] -  info 
  2022-04-20T07:32:27.002Z   -   [info] -  Example app listening on port 2001 
  2022-04-20T07:32:28.023Z   -   [info] -  connected to db 
  2022-04-20T09:29:49.826Z   -   [error] -  error 
  2022-04-20T09:29:49.828Z   -   [warn] -  warn 
  2022-04-20T09:29:49.828Z   -   [info] -  info 
  2022-04-20T09:29:49.832Z   -   [info] -  Example app listening on port 2001 
  2022-04-20T09:29:50.945Z   -   [info] -  connected to db 
  2022-04-20T09:30:11.697Z   -   [error] -  error 
  2022-04-20T09:30:11.699Z   -   [warn] -  warn 
  2022-04-20T09:30:11.699Z   -   [info] -  info 
  2022-04-20T09:30:11.702Z   -   [info] -  Example app listening on port 2001 
  2022-04-20T09:30:12.144Z   -   [info] -  connected to db 
  2022-04-20T09:33:11.676Z   -   [info] -  {"lang1":"java","level1":"1"} 
  2022-04-20T09:39:03.581Z   -   [info] -  {"lang1":"java","level1":"1"} 
  2022-04-20T09:39:42.608Z   -   [info] -  {"lang1":"java","level1":"1"} 
  2022-04-20T09:40:24.401Z   -   [info] -  {"lang1":"java","level1":"2"} 
  2022-04-20T09:41:18.383Z   -   [info] -  {"lang1":"java","level1":"1"} 
  2022-04-20T09:50:40.670Z   -   [info] -  {"lang1":"java","level1":"1"} 
  2022-04-20T09:51:50.299Z   -   [info] -  {"lang1":"java","level1":"1"} 
  2022-04-20T10:26:25.598Z   -   [info] -  {"lang1":"java","level1":"1"} 
  2022-04-20T11:33:59.675Z   -   [error] -  error 
  2022-04-20T11:33:59.677Z   -   [warn] -  warn 
  2022-04-20T11:33:59.677Z   -   [info] -  info 
  2022-04-20T11:33:59.683Z   -   [info] -  Example app listening on port 2001 
  2022-04-20T11:34:01.398Z   -   [info] -  connected to db 
  2022-04-20T11:35:09.808Z   -   [error] -  error 
  2022-04-20T11:35:09.810Z   -   [warn] -  warn 
  2022-04-20T11:35:09.810Z   -   [info] -  info 
  2022-04-20T11:35:09.814Z   -   [info] -  Example app listening on port 2001 
  2022-04-20T11:35:11.064Z   -   [info] -  connected to db 
  2022-04-20T11:35:17.015Z   -   [info] -  {"lang1":"java","level1":"1"} 
  2022-04-20T11:52:48.821Z   -   [info] -  {"lang1":"java","level1":"1"} 
  2022-04-20T12:16:53.251Z   -   [error] -  error 
  2022-04-20T12:16:53.252Z   -   [warn] -  warn 
  2022-04-20T12:16:53.253Z   -   [info] -  info 
  2022-04-20T12:16:53.256Z   -   [info] -  Example app listening on port 2001 
  2022-04-20T12:16:54.597Z   -   [info] -  connected to db 
  2022-04-21T05:14:27.051Z   -   [info] -  {"lang1":"java","level1":"1"} 
  2022-04-21T05:15:42.904Z   -   [info] -  {"lang1":"java","level1":"2"} 
  2022-04-21T05:29:45.044Z   -   [info] -  {"lang1":"java","level1":"1"} 
  2022-04-21T05:38:20.621Z   -   [error] -  error 
  2022-04-21T05:38:20.622Z   -   [warn] -  warn 
  2022-04-21T05:38:20.623Z   -   [info] -  info 
  2022-04-21T05:38:20.627Z   -   [info] -  Example app listening on port 2001 
  2022-04-21T05:38:21.860Z   -   [info] -  connected to db 
  2022-04-21T05:44:14.144Z   -   [error] -  error 
  2022-04-21T05:44:14.146Z   -   [warn] -  warn 
  2022-04-21T05:44:14.146Z   -   [info] -  info 
  2022-04-21T05:44:14.150Z   -   [info] -  Example app listening on port 2001 
  2022-04-21T05:44:15.428Z   -   [info] -  connected to db 
  2022-04-21T09:32:06.130Z   -   [info] -  {"lang1":"java","level1":"1"} 
  2022-04-21T09:32:19.203Z   -   [info] -  {"lang1":"java","level1":"2"} 
  2022-04-21T09:51:41.280Z   -   [info] -  {"lang1":"java","level1":"1"} 
  2022-04-21T09:52:23.701Z   -   [info] -  {"lang1":"java","level1":"1"} 
  2022-04-21T09:53:00.837Z   -   [info] -  {"lang1":"java","level1":"2"} 
  2022-04-21T10:00:17.270Z   -   [error] -  error 
  2022-04-21T10:00:17.275Z   -   [warn] -  warn 
  2022-04-21T10:00:17.276Z   -   [info] -  info 
  2022-04-21T10:00:17.283Z   -   [info] -  Example app listening on port 2001 
  2022-04-21T10:00:18.458Z   -   [info] -  connected to db 
  2022-04-21T11:13:53.514Z   -   [info] -  {"lang1":"java","level1":"1"} 
  2022-04-21T11:14:00.680Z   -   [info] -  {"lang1":"java","level1":"1"} 
  2022-04-21T11:14:06.861Z   -   [info] -  {"lang1":"python","level1":"1"} 
  2022-04-21T11:14:09.584Z   -   [info] -  {"lang1":"c++","level1":"1"} 
  2022-04-22T05:10:26.043Z   -   [error] -  error 
  2022-04-22T05:10:26.044Z   -   [warn] -  warn 
  2022-04-22T05:10:26.044Z   -   [info] -  info 
  2022-04-22T05:10:26.049Z   -   [info] -  Example app listening on port 2001 
  2022-04-22T05:10:27.204Z   -   [info] -  connected to db 
  2022-04-22T05:10:45.042Z   -   [info] -  {"lang1":"java","level1":"1"} 
  2022-04-22T05:10:50.253Z   -   [info] -  {"lang1":"python","level1":"1"} 
  2022-04-22T05:11:03.055Z   -   [info] -  {"lang1":"c","level1":"1"} 
  2022-04-22T05:23:39.902Z   -   [error] -  error 
  2022-04-22T05:23:39.904Z   -   [warn] -  warn 
  2022-04-22T05:23:39.904Z   -   [info] -  info 
  2022-04-22T05:23:39.907Z   -   [info] -  Example app listening on port 2001 
  2022-04-22T05:23:41.156Z   -   [info] -  connected to db 
  2022-04-22T05:48:47.638Z   -   [error] -  error 
  2022-04-22T05:48:47.640Z   -   [warn] -  warn 
  2022-04-22T05:48:47.640Z   -   [info] -  info 
  2022-04-22T05:48:47.644Z   -   [info] -  Example app listening on port 2001 
  2022-04-22T05:48:48.818Z   -   [info] -  connected to db 
  2022-04-25T07:04:57.749Z   -   [info] -  {"lang1":"java","level1":"1"} 
  2022-04-27T05:27:15.433Z   -   [error] -  error 
  2022-04-27T05:27:15.435Z   -   [warn] -  warn 
  2022-04-27T05:27:15.435Z   -   [info] -  info 
  2022-04-27T05:27:15.439Z   -   [info] -  Example app listening on port 2001 
  2022-04-27T05:27:16.709Z   -   [info] -  connected to db 
  2022-05-04T06:58:13.369Z   -   [error] -  error 
  2022-05-04T06:58:13.371Z   -   [warn] -  warn 
  2022-05-04T06:58:13.371Z   -   [info] -  info 
  2022-05-04T06:58:13.375Z   -   [info] -  Example app listening on port 2001 
  2022-05-04T06:58:14.538Z   -   [info] -  connected to db 
  2022-05-05T09:41:44.298Z   -   [error] -  error 
  2022-05-05T09:41:44.300Z   -   [warn] -  warn 
  2022-05-05T09:41:44.300Z   -   [info] -  info 
  2022-05-05T09:41:44.304Z   -   [info] -  Example app listening on port 2001 
  2022-05-05T09:41:45.316Z   -   [info] -  connected to db 
  2022-05-05T09:42:52.397Z   -   [info] -  {"lang1":"java","level1":"1"} 
  2022-05-05T09:46:05.971Z   -   [info] -  {"lang1":"java","level1":"1"} 
  2022-05-05T12:15:21.985Z   -   [info] -  {"lang1":"java","level1":"1"} 
  2022-05-05T12:58:02.423Z   -   [info] -  {"lang1":"java","level1":"1"} 
  2022-05-06T09:17:47.375Z   -   [info] -  {"lang1":"java","level1":"1"} 
  2022-05-06T09:28:31.305Z   -   [info] -  {"lang1":"java","level1":"1"} 
  2022-05-06T09:45:25.839Z   -   [info] -  {"lang1":"java","level1":"2"} 
  2022-05-06T09:45:38.414Z   -   [info] -  {"lang1":"c","level1":"1"} 
  2022-05-06T09:45:58.392Z   -   [info] -  {"lang1":"java","level1":"1"} 
  2022-05-06T09:49:27.301Z   -   [info] -  {"lang1":"java","level1":"1"} 
  2022-05-06T09:51:55.212Z   -   [error] -  error 
  2022-05-06T09:51:55.214Z   -   [warn] -  warn 
  2022-05-06T09:51:55.214Z   -   [info] -  info 
  2022-05-06T09:51:55.218Z   -   [info] -  Example app listening on port 2001 
  2022-05-06T09:51:56.950Z   -   [info] -  connected to db 
  2022-05-06T10:07:22.664Z   -   [info] -  {"lang1":"java","level1":"1"} 
  2022-05-06T10:13:32.161Z   -   [info] -  {"lang1":"java","level1":"1"} 
  2022-05-09T10:51:30.327Z   -   [error] -  error 
  2022-05-09T10:51:30.329Z   -   [warn] -  warn 
  2022-05-09T10:51:30.330Z   -   [info] -  info 
  2022-05-09T10:51:30.334Z   -   [info] -  Example app listening on port 2001 
  2022-05-09T10:51:31.577Z   -   [info] -  connected to db 
  2022-05-09T10:53:29.917Z   -   [info] -  {"lang1":"java","level1":"1"} 
  2022-05-09T10:54:00.972Z   -   [info] -  {"lang1":"java","level1":"1"} 
  2022-05-09T10:54:30.682Z   -   [info] -  {"lang1":"java","level1":"2"} 
  2022-05-09T11:26:23.528Z   -   [info] -  {"lang1":"java","level1":"1"} 
  2022-05-09T11:32:12.867Z   -   [info] -  {"lang1":"java","level1":"1"} 
  2022-05-09T11:37:42.064Z   -   [info] -  {"lang1":"java","level1":"1"} 
  2022-05-09T11:38:05.876Z   -   [info] -  {"lang1":"java","level1":"1"} 
  2022-05-09T11:55:34.237Z   -   [info] -  {"lang1":"java","level1":"1"} 
  2022-05-09T11:56:18.406Z   -   [info] -  {"lang1":"java","level1":"1"} 
  2022-05-10T03:17:26.340Z   -   [error] -  error 
  2022-05-10T03:17:26.345Z   -   [warn] -  warn 
  2022-05-10T03:17:26.346Z   -   [info] -  info 
  2022-05-10T03:17:26.353Z   -   [info] -  Example app listening on port 2001 
  2022-05-10T03:17:27.374Z   -   [info] -  connected to db 
  2022-05-10T03:20:12.778Z   -   [info] -  {"lang1":"java","level1":"1"} 
  2022-05-10T03:20:21.787Z   -   [info] -  {"lang1":"java","level1":"1"} 
  2022-05-10T03:52:35.779Z   -   [info] -  {"lang1":"c","level1":"1"} 
  2022-05-10T04:07:43.680Z   -   [info] -  {"lang1":"java","level1":"1"} 
  2022-05-10T04:08:38.616Z   -   [info] -  {"lang1":"java","level1":"1"} 
  2022-05-10T04:09:26.405Z   -   [info] -  {"lang1":"java","level1":"2"} 
